<?xml version="1.0" encoding="UTF-8"?>
<testsuites tests="1" failures="0" disabled="0" errors="0" time="0.038" timestamp="2026-09-10T10:26:46.786" name="AllTests">
  <testsuite name="CoveMovement" tests="1" failures="0" disabled="0" skipped="0" errors="0" time="0.038" timestamp="2026-09-10T10:26:46.786">
    <testcase name="RecoveryOfPaidLayoutStartsClearOfTheDock" file="tests/test_cove_player.cpp" line="860" status="run" result="completed" time="0.038" timestamp="2026-09-10T10:26:46.786" classname="CoveMovement" />
  </testsuite>
</testsuites>
