<?xml version="1.0" encoding="UTF-8"?>
<testsuites tests="41" failures="0" disabled="0" errors="0" time="1.376" timestamp="2026-09-10T10:20:31.658" name="AllTests">
  <testsuite name="CoveMovement" tests="41" failures="0" disabled="0" skipped="0" errors="0" time="1.376" timestamp="2026-09-10T10:20:31.658">
    <testcase name="HarborLiftUsesActualHullSupportsAndCanonicalBodyFrames" file="tests/test_cove_player.cpp" line="81" status="run" result="completed" time="0.033" timestamp="2026-09-10T10:20:31.658" classname="CoveMovement" />
    <testcase name="HarborLiftRefusesUnsafeAttachmentAndUnsupportedHulls" file="tests/test_cove_player.cpp" line="112" status="run" result="completed" time="0.032" timestamp="2026-09-10T10:20:31.691" classname="CoveMovement" />
    <testcase name="OwnedRestorePreparesIndependentBodiesPlayerAndTowWithoutPublishing" file="tests/test_cove_player.cpp" line="139" status="run" result="completed" time="0.035" timestamp="2026-09-10T10:20:31.724" classname="CoveMovement" />
    <testcase name="HarborParkingUsesExistingPierAndAvoidsPlayerOccupancy" file="tests/test_cove_player.cpp" line="214" status="run" result="completed" time="0.033" timestamp="2026-09-10T10:20:31.760" classname="CoveMovement" />
    <testcase name="HarborPostsBlockWalkingAndSavedPlayerOccupancy" file="tests/test_cove_player.cpp" line="233" status="run" result="completed" time="0.031" timestamp="2026-09-10T10:20:31.793" classname="CoveMovement" />
    <testcase name="CanonicalStarterBuildOwnsActualPartsWeldsAndLoanIdentity" file="tests/test_cove_player.cpp" line="245" status="run" result="completed" time="0.033" timestamp="2026-09-10T10:20:31.825" classname="CoveMovement" />
    <testcase name="CanonicalStarterBuildRejectsExhaustionAndAmbiguousSceneMapping" file="tests/test_cove_player.cpp" line="276" status="run" result="completed" time="0.033" timestamp="2026-09-10T10:20:31.858" classname="CoveMovement" />
    <testcase name="WorkshopDesignBecomesCanonicalConnectedEditWithRecompiledHull" file="tests/test_cove_player.cpp" line="290" status="run" result="completed" time="0.035" timestamp="2026-09-10T10:20:31.892" classname="CoveMovement" />
    <testcase name="SettingsSurviveLaunchMappingAndUndoWithoutCostOrIdentityChanges" file="tests/test_cove_player.cpp" line="365" status="run" result="completed" time="0.039" timestamp="2026-09-10T10:20:31.927" classname="CoveMovement" />
    <testcase name="SavedDesignReloadReusesOwnedPartsAndPricesAdditionsWithoutGrantingLoans" file="tests/test_cove_player.cpp" line="451" status="run" result="completed" time="0.038" timestamp="2026-09-10T10:20:31.967" classname="CoveMovement" />
    <testcase name="ReplacementGrantMapsTheSameInstalledLegoPiecesWithNewIdentities" file="tests/test_cove_player.cpp" line="485" status="run" result="completed" time="0.032" timestamp="2026-09-10T10:20:32.005" classname="CoveMovement" />
    <testcase name="StoredPontoonIsQuotedAndLaunchedWithItsExactConditionAndConfiguration" file="tests/test_cove_player.cpp" line="504" status="run" result="completed" time="0.035" timestamp="2026-09-10T10:20:32.038" classname="CoveMovement" />
    <testcase name="NormalizedRecoveryRestoresWeldedLayoutAndSettingsUsingStoredPaidPart" file="tests/test_cove_player.cpp" line="527" status="run" result="completed" time="0.036" timestamp="2026-09-10T10:20:32.073" classname="CoveMovement" />
    <testcase name="CuttingAddedPontoonPreparesTwoCompleteRootsWithoutLosingOwnedParts" file="tests/test_cove_player.cpp" line="559" status="run" result="completed" time="0.035" timestamp="2026-09-10T10:20:32.109" classname="CoveMovement" />
    <testcase name="FragmentRootsPreserveBindingsAndKeepHelmOffTheFirstDetachedPontoon" file="tests/test_cove_player.cpp" line="595" status="run" result="completed" time="0.032" timestamp="2026-09-10T10:20:32.144" classname="CoveMovement" />
    <testcase name="EverySeparatedPartHasItsOwnShapeWaterAndModuleConfiguration" file="tests/test_cove_player.cpp" line="636" status="run" result="completed" time="0.032" timestamp="2026-09-10T10:20:32.177" classname="CoveMovement" />
    <testcase name="DetachedRiderFollowsItsSectionAndCannotStandOnAnotherSectionsOldDeck" file="tests/test_cove_player.cpp" line="660" status="run" result="completed" time="0.033" timestamp="2026-09-10T10:20:32.210" classname="CoveMovement" />
    <testcase name="FragmentArchiveRestoresEveryPoseDetachedRiderAndWinchWithoutPublishing" file="tests/test_cove_player.cpp" line="709" status="run" result="completed" time="0.033" timestamp="2026-09-10T10:20:32.243" classname="CoveMovement" />
    <testcase name="RecoveryPreparesEveryCutPartWithoutChangingOwnershipOrMovingOnlySomeSections" file="tests/test_cove_player.cpp" line="791" status="run" result="completed" time="0.033" timestamp="2026-09-10T10:20:32.277" classname="CoveMovement" />
    <testcase name="RecoveryReturnsAnUnbuoyantLoadWithoutInventingFlotation" file="tests/test_cove_player.cpp" line="845" status="run" result="completed" time="0.032" timestamp="2026-09-10T10:20:32.310" classname="CoveMovement" />
    <testcase name="LiveRootOwnerBoundsEverySectionAndRefusesMixedObservations" file="tests/test_cove_player.cpp" line="860" status="run" result="completed" time="0.033" timestamp="2026-09-10T10:20:32.343" classname="CoveMovement" />
    <testcase name="CutMotionStagesAllIndependentParentsOrLeavesEveryChildUnchanged" file="tests/test_cove_player.cpp" line="899" status="run" result="completed" time="0.033" timestamp="2026-09-10T10:20:32.376" classname="CoveMovement" />
    <testcase name="PaidAdditionLaunchMappingChargesOnceAndUndoRestoresItsExactIdentity" file="tests/test_cove_player.cpp" line="955" status="run" result="completed" time="0.04" timestamp="2026-09-10T10:20:32.409" classname="CoveMovement" />
    <testcase name="AddedGhostCanBeCanceledWithoutChangingBlueprintOrSpending" file="tests/test_cove_player.cpp" line="1039" status="run" result="completed" time="0.035" timestamp="2026-09-10T10:20:32.450" classname="CoveMovement" />
    <testcase name="WorkshopRefusesDisconnectedChangeWithoutEditingCraft" file="tests/test_cove_player.cpp" line="1050" status="run" result="completed" time="0.032" timestamp="2026-09-10T10:20:32.486" classname="CoveMovement" />
    <testcase name="WorkshopSnapsWinchToRealFreeSocketAndUndoRestoresExactDesign" file="tests/test_cove_player.cpp" line="1063" status="run" result="completed" time="0.033" timestamp="2026-09-10T10:20:32.519" classname="CoveMovement" />
    <testcase name="WorkshopRemovesCradleAndUndoRestoresItsMassAndConnections" file="tests/test_cove_player.cpp" line="1078" status="run" result="completed" time="0.033" timestamp="2026-09-10T10:20:32.552" classname="CoveMovement" />
    <testcase name="CompilesActualBoatMassHullFlotationAndPartTransforms" file="tests/test_cove_player.cpp" line="1090" status="run" result="completed" time="0.032" timestamp="2026-09-10T10:20:32.586" classname="CoveMovement" />
    <testcase name="SalvageLoadHasIndependentMassTowEyeAndNoStaticDuplicate" file="tests/test_cove_player.cpp" line="1129" status="run" result="completed" time="0.032" timestamp="2026-09-10T10:20:32.619" classname="CoveMovement" />
    <testcase name="DisconnectedBoatIsRejectedBeforePhysicsAdmission" file="tests/test_cove_player.cpp" line="1799" status="run" result="completed" time="0.032" timestamp="2026-09-10T10:20:32.651" classname="CoveMovement" />
    <testcase name="WalksAcrossAuthoredDeckSeamsAndBoardsUsesHelmAndReturns" file="tests/test_cove_player.cpp" line="1807" status="run" result="completed" time="0.032" timestamp="2026-09-10T10:20:32.683" classname="CoveMovement" />
    <testcase name="ObservedBoatPoseCarriesHelmAndResetReturnsToFixedDock" file="tests/test_cove_player.cpp" line="1835" status="run" result="completed" time="0.031" timestamp="2026-09-10T10:20:32.716" classname="CoveMovement" />
    <testcase name="ResumeKeepsBoatLocalHelmPoseOnRestoredMovingCraft" file="tests/test_cove_player.cpp" line="1852" status="run" result="completed" time="0.031" timestamp="2026-09-10T10:20:32.747" classname="CoveMovement" />
    <testcase name="ResumePreservesJumpVelocityAndSwimmingWithoutPendingControls" file="tests/test_cove_player.cpp" line="1872" status="run" result="completed" time="0.031" timestamp="2026-09-10T10:20:32.779" classname="CoveMovement" />
    <testcase name="InvalidResumePreservesPlayerAndQueuedInteraction" file="tests/test_cove_player.cpp" line="1894" status="run" result="completed" time="0.031" timestamp="2026-09-10T10:20:32.810" classname="CoveMovement" />
    <testcase name="SolidGeneratorStopsWalkingAndLargeFramesDoNotTunnel" file="tests/test_cove_player.cpp" line="1916" status="run" result="completed" time="0.033" timestamp="2026-09-10T10:20:32.842" classname="CoveMovement" />
    <testcase name="JumpingAboardUsesActualSupportingPartInsteadOfBoardButtonHistory" file="tests/test_cove_player.cpp" line="1924" status="run" result="completed" time="0.031" timestamp="2026-09-10T10:20:32.875" classname="CoveMovement" />
    <testcase name="JumpLandsOnDockAndResetRecoversFromWater" file="tests/test_cove_player.cpp" line="1940" status="run" result="completed" time="0.031" timestamp="2026-09-10T10:20:32.907" classname="CoveMovement" />
    <testcase name="WalksUpBrickTerraceAndJumpLandsOnStudSurface" file="tests/test_cove_player.cpp" line="1958" status="run" result="completed" time="0.031" timestamp="2026-09-10T10:20:32.939" classname="CoveMovement" />
    <testcase name="FixedTicksDoNotDependOnRenderRateAndJumpSurvivesShortFrame" file="tests/test_cove_player.cpp" line="1979" status="run" result="completed" time="0.031" timestamp="2026-09-10T10:20:32.971" classname="CoveMovement" />
    <testcase name="InvalidNavigationPreservesExistingPlayerAndPendingActionsDoNotDuplicate" file="tests/test_cove_player.cpp" line="1992" status="run" result="completed" time="0.032" timestamp="2026-09-10T10:20:33.002" classname="CoveMovement" />
  </testsuite>
</testsuites>
